2015-10-28 20:51:47 INFO  SystemExecutor:24 - This is informative message!
2015-10-28 20:51:47 ERROR SystemExecutor:28 - This is an exception
java.lang.Exception: My Exception
	at com.kalashnikov.monitoring.SystemExecutor.main(SystemExecutor.java:26)
	at sun.reflect.NativeMethodAccessorImpl.invoke0(Native Method)
	at sun.reflect.NativeMethodAccessorImpl.invoke(NativeMethodAccessorImpl.java:62)
	at sun.reflect.DelegatingMethodAccessorImpl.invoke(DelegatingMethodAccessorImpl.java:43)
	at java.lang.reflect.Method.invoke(Method.java:497)
	at com.intellij.rt.execution.application.AppMain.main(AppMain.java:140)
2015-10-28 20:53:05 INFO  SystemExecutor:24 - This is informative message!
2015-10-28 20:53:05 ERROR SystemExecutor:28 - This is an exception
java.lang.Exception: My Exception
	at com.kalashnikov.monitoring.SystemExecutor.main(SystemExecutor.java:26)
	at sun.reflect.NativeMethodAccessorImpl.invoke0(Native Method)
	at sun.reflect.NativeMethodAccessorImpl.invoke(NativeMethodAccessorImpl.java:62)
	at sun.reflect.DelegatingMethodAccessorImpl.invoke(DelegatingMethodAccessorImpl.java:43)
	at java.lang.reflect.Method.invoke(Method.java:497)
	at com.intellij.rt.execution.application.AppMain.main(AppMain.java:140)
2015-10-28 20:53:26 INFO  SystemExecutor:24 - This is informative message!
2015-10-28 20:53:26 ERROR SystemExecutor:28 - This is an exception
java.lang.Exception: My Exception
	at com.kalashnikov.monitoring.SystemExecutor.main(SystemExecutor.java:26)
	at sun.reflect.NativeMethodAccessorImpl.invoke0(Native Method)
	at sun.reflect.NativeMethodAccessorImpl.invoke(NativeMethodAccessorImpl.java:62)
	at sun.reflect.DelegatingMethodAccessorImpl.invoke(DelegatingMethodAccessorImpl.java:43)
	at java.lang.reflect.Method.invoke(Method.java:497)
	at com.intellij.rt.execution.application.AppMain.main(AppMain.java:140)
2015-10-28 20:53:44 INFO  SystemExecutor:24 - This is informative message!
2015-10-28 20:53:44 ERROR SystemExecutor:28 - This is an exception
java.lang.Exception: My Exception
	at com.kalashnikov.monitoring.SystemExecutor.main(SystemExecutor.java:26)
	at sun.reflect.NativeMethodAccessorImpl.invoke0(Native Method)
	at sun.reflect.NativeMethodAccessorImpl.invoke(NativeMethodAccessorImpl.java:62)
	at sun.reflect.DelegatingMethodAccessorImpl.invoke(DelegatingMethodAccessorImpl.java:43)
	at java.lang.reflect.Method.invoke(Method.java:497)
	at com.intellij.rt.execution.application.AppMain.main(AppMain.java:140)
